2023-02-02 13:01:32.287 - INFO - 36682 - azureml.train.automl._experiment_drivers.driver_utilities.modify_run_configuration:224 - Package azureml-train-automl missing from dependencies file.
2023-02-02 13:01:32.287 - INFO - 36682 - azureml.train.automl._experiment_drivers.driver_utilities.modify_run_configuration:230 - Using pinned version: azureml-train-automl==1.48.0.*
2023-02-02 13:01:32.287 - INFO - 36682 - azureml.train.automl._experiment_drivers.driver_utilities.modify_run_configuration:224 - Package pandas missing from dependencies file.
2023-02-02 13:01:32.287 - INFO - 36682 - azureml.train.automl._experiment_drivers.driver_utilities.modify_run_configuration:230 - Using pinned version: pandas==1.1.5
2023-02-02 13:01:32.288 - INFO - 36682 - azureml.train.automl._experiment_drivers.driver_utilities.modify_run_configuration:224 - Package psutil missing from dependencies file.
2023-02-02 13:01:32.288 - INFO - 36682 - azureml.train.automl._experiment_drivers.driver_utilities.modify_run_configuration:230 - Using pinned version: psutil>5.0.0,<6.0.0
2023-02-02 13:01:32.289 - INFO - 36682 - azureml.train.automl._experiment_drivers.driver_utilities.modify_run_configuration:224 - Package scikit-learn missing from dependencies file.
2023-02-02 13:01:32.289 - INFO - 36682 - azureml.train.automl._experiment_drivers.driver_utilities.modify_run_configuration:230 - Using pinned version: scikit-learn==0.22.1
2023-02-02 13:01:32.289 - INFO - 36682 - azureml.train.automl._experiment_drivers.driver_utilities.modify_run_configuration:224 - Package numpy missing from dependencies file.
2023-02-02 13:01:32.289 - INFO - 36682 - azureml.train.automl._experiment_drivers.driver_utilities.modify_run_configuration:230 - Using pinned version: numpy~=1.18.0
2023-02-02 13:01:32.290 - INFO - 36682 - azureml.train.automl._experiment_drivers.driver_utilities.modify_run_configuration:224 - Package py-xgboost missing from dependencies file.
2023-02-02 13:01:32.290 - INFO - 36682 - azureml.train.automl._experiment_drivers.driver_utilities.modify_run_configuration:230 - Using pinned version: py-xgboost==1.3.3
2023-02-02 13:01:32.291 - INFO - 36682 - azureml.train.automl._experiment_drivers.driver_utilities.modify_run_configuration:224 - Package inference-schema missing from dependencies file.
2023-02-02 13:01:32.291 - INFO - 36682 - azureml.train.automl._experiment_drivers.driver_utilities.modify_run_configuration:234 - Using installed version: inference-schema==1.5
2023-02-02 13:01:32.291 - INFO - 36682 - azureml.train.automl._experiment_drivers.driver_utilities.modify_run_configuration:224 - Package fbprophet missing from dependencies file.
2023-02-02 13:01:32.292 - INFO - 36682 - azureml.train.automl._experiment_drivers.driver_utilities.modify_run_configuration:230 - Using pinned version: fbprophet==0.7.1
2023-02-02 13:01:32.292 - INFO - 36682 - azureml.train.automl._experiment_drivers.driver_utilities.modify_run_configuration:224 - Package holidays missing from dependencies file.
2023-02-02 13:01:32.292 - INFO - 36682 - azureml.train.automl._experiment_drivers.driver_utilities.modify_run_configuration:230 - Using pinned version: holidays==0.10.3
2023-02-02 13:01:32.293 - INFO - 36682 - azureml.train.automl._experiment_drivers.driver_utilities.modify_run_configuration:224 - Package joblib missing from dependencies file.
2023-02-02 13:01:32.293 - INFO - 36682 - azureml.train.automl._experiment_drivers.driver_utilities.modify_run_configuration:230 - Using pinned version: joblib==0.14.1
2023-02-02 13:01:32.294 - INFO - 36682 - azureml.train.automl._experiment_drivers.driver_utilities.modify_run_configuration:224 - Package pystan missing from dependencies file.
2023-02-02 13:01:32.294 - INFO - 36682 - azureml.train.automl._experiment_drivers.driver_utilities.modify_run_configuration:230 - Using pinned version: pystan==2.19.1.1
2023-02-02 13:01:32.294 - INFO - 36682 - azureml.train.automl._experiment_drivers.driver_utilities.modify_run_configuration:224 - Package setuptools-git missing from dependencies file.
2023-02-02 13:01:32.295 - INFO - 36682 - azureml.train.automl._experiment_drivers.driver_utilities.modify_run_configuration:234 - Using installed version: setuptools-git==1.2
2023-02-02 13:01:32.295 - INFO - 36682 - azureml.train.automl._experiment_drivers.driver_utilities.modify_run_configuration:224 - Package urllib3 missing from dependencies file.
2023-02-02 13:01:32.295 - INFO - 36682 - azureml.train.automl._experiment_drivers.driver_utilities.modify_run_configuration:234 - Using installed version: urllib3==1.26.13
2023-02-02 13:01:32.296 - INFO - 36682 - azureml.train.automl._experiment_drivers.driver_utilities.modify_run_configuration:224 - Package azure-core missing from dependencies file.
2023-02-02 13:01:32.296 - INFO - 36682 - azureml.train.automl._experiment_drivers.driver_utilities.modify_run_configuration:234 - Using installed version: azure-core==1.26.1
2023-02-02 13:01:32.297 - INFO - 36682 - azureml.automl.core.dataset_utilities._save_datasets_to_json:255 - JSON serialization of input of type <class 'NoneType'> is un-supported.
2023-02-02 13:01:32.298 - INFO - 36682 - azureml.automl.core.dataset_utilities._save_datasets_to_json:255 - JSON serialization of input of type <class 'NoneType'> is un-supported.
2023-02-02 13:01:32.298 - INFO - 36682 - azureml.train.automl._experiment_drivers.driver_utilities.validate_input:124 - Start data validation.
2023-02-02 13:01:33.623 - INFO - 36682 - azureml.train.automl._experiment_drivers.driver_utilities.validate_input:137 - Validation service found the data has no errors.
2023-02-02 13:01:33.624 - INFO - 36682 - azureml.train.automl._experiment_drivers.driver_utilities.create_remote_parent_run:381 - Start creating parent run.
2023-02-02 13:01:33.953 - INFO - 36682 - azureml.train.automl._experiment_drivers.driver_utilities.create_remote_parent_run:401 - [ParentRunID:AutoML_a5a4edd9-1f2f-42fd-9cab-60df0b1cd4a9] Remote run using input X and y.
2023-02-02 13:01:34.393 - INFO - 36682 - azureml.train.automl._experiment_drivers.driver_utilities.start_remote_run:336 - Starting a snapshot run (snapshot_id : None)
